<?xml version="1.0" encoding="UTF-8"?>
<testng-results skipped="0" failed="0" ignored="0" total="1" passed="1">
  <reporter-output>
  </reporter-output>
  <suite name="Default suite" duration-ms="24089" started-at="2020-09-15T10:47:34 IST" finished-at="2020-09-15T10:47:58 IST">
    <groups>
    </groups>
    <test name="Default test" duration-ms="24089" started-at="2020-09-15T10:47:34 IST" finished-at="2020-09-15T10:47:58 IST">
      <class name="script.TestHomePage">
        <test-method status="PASS" signature="setConnection()[pri:0, instance:script.TestHomePage@4e7dc304]" name="setConnection" is-config="true" duration-ms="22387" started-at="2020-09-15T10:47:34 IST" finished-at="2020-09-15T10:47:57 IST">
          <reporter-output>
          </reporter-output>
        </test-method> <!-- setConnection -->
        <test-method status="PASS" signature="TestUser()[pri:0, instance:script.TestHomePage@4e7dc304]" name="TestUser" duration-ms="1487" started-at="2020-09-15T10:47:57 IST" finished-at="2020-09-15T10:47:58 IST">
          <reporter-output>
          </reporter-output>
        </test-method> <!-- TestUser -->
        <test-method status="PASS" signature="closeConnection()[pri:0, instance:script.TestHomePage@4e7dc304]" name="closeConnection" is-config="true" duration-ms="165" started-at="2020-09-15T10:47:58 IST" finished-at="2020-09-15T10:47:58 IST">
          <reporter-output>
          </reporter-output>
        </test-method> <!-- closeConnection -->
      </class> <!-- script.TestHomePage -->
    </test> <!-- Default test -->
  </suite> <!-- Default suite -->
</testng-results>
